<?xml version="1.0" encoding="UTF-8"?>
<!-- Generated by org.testng.reporters.JUnitReportReporter -->
<testsuite hostname="DESKTOP-NAKAUN1" failures="0" tests="1" name="com.midcities.testcases.AccessorialCharges_Negative_Case" time="14.749" errors="0" timestamp="22 Apr 2020 04:17:20 GMT" skipped="0">
  <testcase classname="com.midcities.testcases.AccessorialCharges_Negative_Case" name="accessorialNegative" time="14.749"/>
</testsuite> <!-- com.midcities.testcases.AccessorialCharges_Negative_Case -->
