<?xml version="1.0" encoding="UTF-8"?>
<!-- Generated by org.testng.reporters.JUnitReportReporter -->
<testsuite hostname="DESKTOP-NAKAUN1" failures="0" tests="1" name="com.midcities.testcases.Chassis_Negative_Case" time="19.945" errors="0" timestamp="10 Mar 2020 06:57:40 GMT" skipped="0">
  <testcase classname="com.midcities.testcases.Chassis_Negative_Case" name="chassisNegative" time="19.945"/>
</testsuite> <!-- com.midcities.testcases.Chassis_Negative_Case -->
