<?xml version="1.0" encoding="UTF-8"?>
<!-- Generated by org.testng.reporters.JUnitReportReporter -->
<testsuite hostname="DESKTOP-NAKAUN1" failures="0" tests="1" name="com.midcities.testcases.Orders_Positive_Case" time="29.622" errors="0" timestamp="21 Apr 2020 18:53:43 GMT" skipped="0">
  <testcase classname="com.midcities.testcases.Orders_Positive_Case" name="ordersPositive" time="29.622"/>
</testsuite> <!-- com.midcities.testcases.Orders_Positive_Case -->
