<?xml version="1.0" encoding="UTF-8"?>
<!-- Generated by org.testng.reporters.JUnitReportReporter -->
<testsuite hostname="DESKTOP-NAKAUN1" failures="0" tests="1" name="com.midcities.testcases.User_Positive_Case" time="18.184" errors="0" timestamp="09 Mar 2020 05:38:53 GMT" skipped="0">
  <testcase classname="com.midcities.testcases.User_Positive_Case" name="UserPositiveCase" time="18.184"/>
</testsuite> <!-- com.midcities.testcases.User_Positive_Case -->
