<?xml version="1.0" encoding="UTF-8"?>
<!-- Generated by org.testng.reporters.JUnitReportReporter -->
<testsuite hostname="DESKTOP-NAKAUN1" failures="0" tests="1" name="com.midcities.testcases.Location_Positive_Case" time="19.196" errors="0" timestamp="10 Mar 2020 05:48:08 GMT" skipped="0">
  <testcase classname="com.midcities.testcases.Location_Positive_Case" name="locationPositive" time="19.196"/>
</testsuite> <!-- com.midcities.testcases.Location_Positive_Case -->
