<?xml version="1.0" encoding="UTF-8"?>
<!-- Generated by org.testng.reporters.JUnitReportReporter -->
<testsuite hostname="DESKTOP-NAKAUN1" failures="0" tests="1" name="com.midcities.testcases.Customer_Negative_Case" time="18.062" errors="0" timestamp="02 Mar 2020 11:23:54 GMT" skipped="0">
  <testcase classname="com.midcities.testcases.Customer_Negative_Case" name="CustomerNegativeCase" time="18.062"/>
</testsuite> <!-- com.midcities.testcases.Customer_Negative_Case -->
