<?xml version="1.0" encoding="UTF-8"?>
<!-- Generated by org.testng.reporters.JUnitReportReporter -->
<testsuite hostname="DESKTOP-NAKAUN1" failures="0" tests="1" name="com.midcities.testcases.GeneralRouteRates_Positive_Cases" time="9.225" errors="0" timestamp="22 Apr 2020 04:11:28 GMT" skipped="0">
  <testcase classname="com.midcities.testcases.GeneralRouteRates_Positive_Cases" name="GeneralratesPositive" time="9.225"/>
</testsuite> <!-- com.midcities.testcases.GeneralRouteRates_Positive_Cases -->
