<?xml version="1.0" encoding="UTF-8"?>
<!-- Generated by org.testng.reporters.JUnitReportReporter -->
<testsuite hostname="DESKTOP-NAKAUN1" failures="0" tests="1" name="com.midcities.testcases.Login_Negative_Case" time="3.564" errors="0" timestamp="16 Mar 2020 10:08:32 GMT" skipped="0">
  <testcase classname="com.midcities.testcases.Login_Negative_Case" name="loginNegativeInput" time="3.564"/>
</testsuite> <!-- com.midcities.testcases.Login_Negative_Case -->
