<?xml version="1.0" encoding="UTF-8"?>
<!-- Generated by org.testng.reporters.JUnitReportReporter -->
<testsuite hostname="DESKTOP-NAKAUN1" failures="0" tests="1" name="com.midcities.testcases.AccessorialCharges_Positive_Case" time="9.084" errors="0" timestamp="22 Apr 2020 04:16:20 GMT" skipped="0">
  <testcase classname="com.midcities.testcases.AccessorialCharges_Positive_Case" name="accessorialPositive" time="9.084"/>
</testsuite> <!-- com.midcities.testcases.AccessorialCharges_Positive_Case -->
