<?xml version="1.0" encoding="UTF-8"?>
<!-- Generated by org.testng.reporters.JUnitReportReporter -->
<testsuite hostname="DESKTOP-NAKAUN1" failures="0" tests="1" name="com.midcities.testcases.Container_Negative_Case" time="23.960" errors="0" timestamp="20 Mar 2020 09:45:35 GMT" skipped="0">
  <testcase classname="com.midcities.testcases.Container_Negative_Case" name="containerPositive" time="23.960"/>
</testsuite> <!-- com.midcities.testcases.Container_Negative_Case -->
