<?xml version="1.0" encoding="UTF-8"?>
<!-- Generated by org.testng.reporters.JUnitReportReporter -->
<testsuite hostname="DESKTOP-NAKAUN1" failures="0" tests="1" name="com.midcities.testcases.DriverRates_Positive_Case" time="7.314" errors="0" timestamp="22 Apr 2020 04:18:07 GMT" skipped="0">
  <testcase classname="com.midcities.testcases.DriverRates_Positive_Case" name="driverRatesPositive" time="7.314"/>
</testsuite> <!-- com.midcities.testcases.DriverRates_Positive_Case -->
