<?xml version="1.0" encoding="UTF-8"?>
<!-- Generated by org.testng.reporters.JUnitReportReporter -->
<testsuite hostname="DESKTOP-NAKAUN1" failures="0" tests="1" name="com.midcities.testcases.User_Negative_Case" time="15.709" errors="0" timestamp="27 Feb 2020 10:20:22 GMT" skipped="0">
  <testcase classname="com.midcities.testcases.User_Negative_Case" name="User_Negative_Input" time="15.709"/>
</testsuite> <!-- com.midcities.testcases.User_Negative_Case -->
