<?xml version="1.0" encoding="UTF-8"?>
<!-- Generated by org.testng.reporters.JUnitReportReporter -->
<testsuite hostname="DESKTOP-NAKAUN1" failures="0" tests="1" name="com.midcities.testcases.Equipment_Positive_Case" time="15.460" errors="0" timestamp="22 Apr 2020 04:06:46 GMT" skipped="0">
  <testcase classname="com.midcities.testcases.Equipment_Positive_Case" name="equipmentPositive" time="15.460"/>
</testsuite> <!-- com.midcities.testcases.Equipment_Positive_Case -->
