<?xml version="1.0" encoding="UTF-8"?>
<!-- Generated by org.testng.reporters.JUnitReportReporter -->
<testsuite hostname="DESKTOP-NAKAUN1" failures="0" tests="1" name="com.midcities.testcases.Login_Positive_Case" time="2.827" errors="0" timestamp="12 Feb 2020 11:55:49 GMT" skipped="0">
  <testcase classname="com.midcities.testcases.Login_Positive_Case" name="loginIntoTheApplication" time="2.827"/>
</testsuite> <!-- com.midcities.testcases.Login_Positive_Case -->
