<?xml version="1.0" encoding="UTF-8"?>
<!-- Generated by org.testng.reporters.JUnitReportReporter -->
<testsuite hostname="DESKTOP-NAKAUN1" failures="0" tests="1" name="com.midcities.testcases.Equipment_Negative_Case" time="22.091" errors="0" timestamp="22 Apr 2020 04:07:48 GMT" skipped="0">
  <testcase classname="com.midcities.testcases.Equipment_Negative_Case" name="equipmentNegative" time="22.091"/>
</testsuite> <!-- com.midcities.testcases.Equipment_Negative_Case -->
